Not Found: /jobs/
[29/Dec/2017 10:37:36] "GET /jobs/ HTTP/1.1" 404 2410
[29/Dec/2017 10:43:46] "GET / HTTP/1.1" 200 5293
Not Found: /shyxmjbvlktq
[29/Dec/2017 10:48:00] "POST /shyxmjbvlktq HTTP/1.1" 404 2432
Not Found: /shyxmjbvlktq
[29/Dec/2017 10:48:00] "GET /shyxmjbvlktq HTTP/1.1" 404 2431
Not Found: /shyxmjbvlktq
[29/Dec/2017 10:48:01] "DELETE /shyxmjbvlktq HTTP/1.1" 404 2434
[29/Dec/2017 10:52:44] "GET / HTTP/1.1" 200 5293
[29/Dec/2017 10:56:05] "GET / HTTP/1.1" 200 6321
Not Found: /hwi/
[29/Dec/2017 10:58:43] "GET /hwi/ HTTP/1.1" 404 2407
[29/Dec/2017 11:08:31] "GET / HTTP/1.1" 200 6321
[29/Dec/2017 11:08:31] "GET /static/res/bootstrap-4.0.0-beta.2/css/bootstrap.css HTTP/1.1" 304 0
[29/Dec/2017 11:08:31] "GET /static/res/bootstrap-4.0.0-beta.2/ecss/carousel.css HTTP/1.1" 304 0
[29/Dec/2017 11:08:31] "GET /static/res/bootstrap-4.0.0-beta.2/js/bootstrap.min.js HTTP/1.1" 304 0
[29/Dec/2017 11:08:31] "GET /static/res/bootstrap-4.0.0-beta.2/assets/js/vendor/popper.min.js HTTP/1.1" 304 0
[29/Dec/2017 11:08:31] "GET /static/res/bootstrap-4.0.0-beta.2/assets/js/vendor/holder.min.js HTTP/1.1" 304 0
[29/Dec/2017 11:08:36] "GET /author/huanglaozhuang HTTP/1.1" 301 0
[29/Dec/2017 11:08:36] "GET /author/huanglaozhuang/ HTTP/1.1" 200 252069
[29/Dec/2017 11:08:36] "GET /static/res/bootstrap-4.0.0-beta.2/ecss/dashboard.css HTTP/1.1" 304 0
[29/Dec/2017 11:08:44] "GET /author/liucixin/ HTTP/1.1" 200 272968
[29/Dec/2017 11:08:45] "GET /authorNavItem/liucixin/1changpiankehuanxiaoshuo//02NonechaoxinxingjiyuanNoneNoneshitishubanNone HTTP/1.1" 301 0
[29/Dec/2017 11:08:45] "GET /authorNavItem/liucixin/1changpiankehuanxiaoshuo//02NonechaoxinxingjiyuanNoneNoneshitishubanNone/ HTTP/1.1" 200 640531
[29/Dec/2017 11:08:47] "GET /authorNav/liucixin/2zhongduanpiankehuanxiaoshuo/ HTTP/1.1" 200 39326
[29/Dec/2017 11:08:48] "GET /authorNav/liucixin/3qitaxiaoshuo/ HTTP/1.1" 200 35000
Invalid HTTP_HOST header: '47.94.228.162'. You may need to add u'47.94.228.162' to ALLOWED_HOSTS.
[29/Dec/2017 11:11:51] "GET / HTTP/1.1" 400 62294
Performing system checks...

System check identified no issues (0 silenced).
December 29, 2017 - 11:11:44
Django version 1.11.8, using settings 'Read.settings'
Starting development server at http://127.0.0.1:8000/
Quit the server with CONTROL-C.
[29/Dec/2017 11:12:36] "GET / HTTP/1.1" 200 6321
[29/Dec/2017 11:12:36] "GET /static/res/bootstrap-4.0.0-beta.2/css/bootstrap.css HTTP/1.1" 304 0
[29/Dec/2017 11:12:36] "GET /static/res/bootstrap-4.0.0-beta.2/ecss/carousel.css HTTP/1.1" 304 0
[29/Dec/2017 11:12:36] "GET /static/res/bootstrap-4.0.0-beta.2/assets/js/vendor/popper.min.js HTTP/1.1" 304 0
[29/Dec/2017 11:12:36] "GET /static/res/bootstrap-4.0.0-beta.2/js/bootstrap.min.js HTTP/1.1" 304 0
[29/Dec/2017 11:12:36] "GET /static/res/bootstrap-4.0.0-beta.2/assets/js/vendor/holder.min.js HTTP/1.1" 304 0
Not Found: /about/
[29/Dec/2017 11:12:40] "GET /about/ HTTP/1.1" 404 2413
[29/Dec/2017 11:13:44] "GET / HTTP/1.1" 200 6321
[29/Dec/2017 11:13:44] "GET / HTTP/1.1" 200 6321
[29/Dec/2017 11:13:45] "GET / HTTP/1.1" 200 6321
[29/Dec/2017 11:13:45] "GET / HTTP/1.1" 200 6321
[29/Dec/2017 11:15:18] "GET / HTTP/1.1" 200 6321
Not Found: /read/img/liucixin.jpg
[29/Dec/2017 11:15:26] "GET /read/img/liucixin.jpg HTTP/1.1" 404 2458
Not Found: /image/read/liucixin.jpg
[29/Dec/2017 11:20:38] "GET /image/read/liucixin.jpg HTTP/1.1" 404 2464
[29/Dec/2017 11:21:53] "GET / HTTP/1.1" 200 6321
[29/Dec/2017 11:21:53] "GET /static/res/bootstrap-4.0.0-beta.2/css/bootstrap.css HTTP/1.1" 304 0
[29/Dec/2017 11:21:53] "GET /static/res/bootstrap-4.0.0-beta.2/ecss/carousel.css HTTP/1.1" 304 0
[29/Dec/2017 11:21:53] "GET /static/res/bootstrap-4.0.0-beta.2/assets/js/vendor/popper.min.js HTTP/1.1" 304 0
[29/Dec/2017 11:21:53] "GET /static/res/bootstrap-4.0.0-beta.2/js/bootstrap.min.js HTTP/1.1" 304 0
[29/Dec/2017 11:21:53] "GET /static/res/bootstrap-4.0.0-beta.2/assets/js/vendor/holder.min.js HTTP/1.1" 304 0
[29/Dec/2017 11:21:54] "GET / HTTP/1.1" 200 6321
[29/Dec/2017 11:21:54] "GET / HTTP/1.1" 200 6321
[29/Dec/2017 11:22:39] "GET / HTTP/1.1" 200 6321
[29/Dec/2017 11:22:40] "GET / HTTP/1.1" 200 6321
[29/Dec/2017 11:22:40] "GET / HTTP/1.1" 200 6321
[29/Dec/2017 11:22:40] "GET / HTTP/1.1" 200 6321
[29/Dec/2017 11:22:40] "GET / HTTP/1.1" 200 6321
[29/Dec/2017 11:22:41] "GET / HTTP/1.1" 200 6321
[29/Dec/2017 11:22:50] "GET / HTTP/1.1" 200 6321
[29/Dec/2017 11:23:38] "GET / HTTP/1.1" 200 6321
[29/Dec/2017 11:23:39] "GET / HTTP/1.1" 200 6321
[29/Dec/2017 11:23:39] "GET / HTTP/1.1" 200 6321
[29/Dec/2017 11:23:40] "GET / HTTP/1.1" 200 6321
[29/Dec/2017 11:23:40] "GET / HTTP/1.1" 200 6321
[29/Dec/2017 11:23:42] "GET / HTTP/1.1" 200 6321
[29/Dec/2017 11:23:42] "GET / HTTP/1.1" 200 6321
[29/Dec/2017 11:24:13] "GET / HTTP/1.1" 200 6321
[29/Dec/2017 11:24:14] "GET / HTTP/1.1" 200 6321
[29/Dec/2017 11:24:14] "GET / HTTP/1.1" 200 6321
[29/Dec/2017 11:24:14] "GET / HTTP/1.1" 200 6321
[29/Dec/2017 11:24:15] "GET / HTTP/1.1" 200 6321
[29/Dec/2017 11:24:15] "GET / HTTP/1.1" 200 6321
[29/Dec/2017 11:24:15] "GET / HTTP/1.1" 200 6321
[29/Dec/2017 11:24:15] "GET / HTTP/1.1" 200 6321
[29/Dec/2017 11:24:17] "GET /static/res/bootstrap-4.0.0-beta.2/css/bootstrap.css.map HTTP/1.1" 200 390790
Not Found: /jenkins/
[29/Dec/2017 11:24:22] "GET /jenkins/ HTTP/1.1" 404 2419
Not Found: /zabbix/
[29/Dec/2017 11:25:19] "GET /zabbix/ HTTP/1.1" 404 2416
[29/Dec/2017 11:25:36] "GET / HTTP/1.1" 200 6321
Not Found: /solr/
[29/Dec/2017 11:26:12] "GET /solr/ HTTP/1.1" 404 2410
[29/Dec/2017 11:26:13] "GET / HTTP/1.1" 200 6321
[29/Dec/2017 11:26:13] "GET /static/res/bootstrap-4.0.0-beta.2/js/bootstrap.min.js.map HTTP/1.1" 200 159064
[29/Dec/2017 11:26:13] "GET / HTTP/1.1" 200 6321
[29/Dec/2017 11:26:13] "GET / HTTP/1.1" 200 6321
[29/Dec/2017 11:26:22] "GET / HTTP/1.1" 200 6321
[29/Dec/2017 11:26:23] "GET /author/liucixin/ HTTP/1.1" 200 272960
[29/Dec/2017 11:26:23] "GET /static/res/bootstrap-4.0.0-beta.2/ecss/dashboard.css HTTP/1.1" 304 0
[29/Dec/2017 11:26:24] "GET /authorNav/liucixin/2zhongduanpiankehuanxiaoshuo/ HTTP/1.1" 200 39290
[29/Dec/2017 11:26:25] "GET /authorNav/liucixin/3qitaxiaoshuo/ HTTP/1.1" 200 34999
[29/Dec/2017 11:26:26] "GET /authorNav/liucixin/4kehuanpinglun/ HTTP/1.1" 200 30146
[29/Dec/2017 11:26:26] "GET /authorNav/liucixin/5sanwensuibi/ HTTP/1.1" 200 19698
[29/Dec/2017 11:26:27] "GET /authorNav/liucixin/6fangtanlu/ HTTP/1.1" 200 32042
[29/Dec/2017 11:26:27] "GET /authorNav/liucixin/zuopinmulu/ HTTP/1.1" 200 13934
[29/Dec/2017 11:26:28] "GET /authorNav/liucixin/zuozhejianjie/ HTTP/1.1" 200 8407
[29/Dec/2017 11:26:28] "GET /authorNav/liucixin/hejijianjie/ HTTP/1.1" 200 6690
[29/Dec/2017 11:26:30] "GET / HTTP/1.1" 200 6321
[29/Dec/2017 11:26:32] "GET /author/huanglaozhuang/ HTTP/1.1" 200 252068
[29/Dec/2017 11:26:35] "GET /authorNav/huanglaozhuang/laozi HTTP/1.1" 301 0
[29/Dec/2017 11:26:35] "GET /authorNav/huanglaozhuang/laozi/ HTTP/1.1" 200 27307
[29/Dec/2017 11:26:35] "GET /authorNav/huanglaozhuang/huangdineijing HTTP/1.1" 301 0
[29/Dec/2017 11:26:35] "GET /authorNav/huanglaozhuang/huangdineijing/ HTTP/1.1" 200 203783
[29/Dec/2017 11:26:36] "GET / HTTP/1.1" 200 6321
[29/Dec/2017 11:26:42] "GET / HTTP/1.1" 200 6321
[29/Dec/2017 11:28:34] "GET /author/liucixin/ HTTP/1.1" 200 272960
[29/Dec/2017 11:28:34] "GET /static/res/bootstrap-4.0.0-beta.2/css/bootstrap.css HTTP/1.1" 200 159202
[29/Dec/2017 11:28:34] "GET /static/res/bootstrap-4.0.0-beta.2/ecss/dashboard.css HTTP/1.1" 200 837
[29/Dec/2017 11:28:36] "GET /static/res/bootstrap-4.0.0-beta.2/assets/js/vendor/popper.min.js HTTP/1.1" 200 19197
[29/Dec/2017 11:28:36] "GET /static/res/bootstrap-4.0.0-beta.2/js/bootstrap.min.js HTTP/1.1" 200 50564
[29/Dec/2017 11:28:36] "GET /static/res/bootstrap-4.0.0-beta.2/assets/js/vendor/holder.min.js HTTP/1.1" 200 32283
Not Found: /info
[29/Dec/2017 11:30:46] "GET /info HTTP/1.1" 404 2407
[29/Dec/2017 11:32:14] "GET / HTTP/1.1" 200 6321
[29/Dec/2017 11:32:14] "GET /static/res/bootstrap-4.0.0-beta.2/css/bootstrap.css HTTP/1.1" 304 0
[29/Dec/2017 11:32:14] "GET /static/res/bootstrap-4.0.0-beta.2/ecss/carousel.css HTTP/1.1" 304 0
[29/Dec/2017 11:32:14] "GET /static/res/bootstrap-4.0.0-beta.2/js/bootstrap.min.js HTTP/1.1" 304 0
[29/Dec/2017 11:32:14] "GET /static/res/bootstrap-4.0.0-beta.2/assets/js/vendor/popper.min.js HTTP/1.1" 304 0
[29/Dec/2017 11:32:14] "GET /static/res/bootstrap-4.0.0-beta.2/assets/js/vendor/holder.min.js HTTP/1.1" 304 0
[29/Dec/2017 11:32:14] "GET /static/res/bootstrap-4.0.0-beta.2/js/bootstrap.min.js.map HTTP/1.1" 304 0
[29/Dec/2017 11:32:14] "GET /static/res/bootstrap-4.0.0-beta.2/css/bootstrap.css.map HTTP/1.1" 304 0
[29/Dec/2017 11:32:17] "GET / HTTP/1.1" 200 6321
[29/Dec/2017 11:32:18] "GET / HTTP/1.1" 200 6321
[29/Dec/2017 11:32:18] "GET / HTTP/1.1" 200 6321
[29/Dec/2017 11:32:18] "GET / HTTP/1.1" 200 6321
[29/Dec/2017 11:34:52] "GET / HTTP/1.1" 200 6251
[29/Dec/2017 11:34:52] "GET / HTTP/1.1" 200 6251
[29/Dec/2017 11:35:03] "GET / HTTP/1.1" 200 6251
[29/Dec/2017 11:35:04] "GET / HTTP/1.1" 200 6251
[29/Dec/2017 11:35:08] "GET /author/liucixin/ HTTP/1.1" 200 272960
[29/Dec/2017 11:35:08] "GET /static/res/bootstrap-4.0.0-beta.2/ecss/dashboard.css HTTP/1.1" 304 0
[29/Dec/2017 11:35:10] "GET /authorNav/liucixin/hejijianjie/ HTTP/1.1" 200 6690
[29/Dec/2017 11:35:11] "GET /authorNav/liucixin/zuozhejianjie/ HTTP/1.1" 200 8407
[29/Dec/2017 11:35:11] "GET /authorNav/liucixin/zuopinmulu/ HTTP/1.1" 200 13934
[29/Dec/2017 11:35:12] "GET / HTTP/1.1" 200 6251
[29/Dec/2017 11:38:22] "GET / HTTP/1.1" 200 6251
[29/Dec/2017 11:38:28] "GET /author/liucixin/ HTTP/1.1" 200 272960
[29/Dec/2017 11:38:31] "GET /authorNavItem/liucixin/1changpiankehuanxiaoshuo/02NonechaoxinxingjiyuanNoneNoneshitishubanNone HTTP/1.1" 301 0
[29/Dec/2017 11:38:31] "GET /authorNavItem/liucixin/1changpiankehuanxiaoshuo/02NonechaoxinxingjiyuanNoneNoneshitishubanNone/ HTTP/1.1" 200 643094
[29/Dec/2017 11:38:32] "GET /authorNavItem/liucixin/1changpiankehuanxiaoshuo/03NonechaoxinxingjiyuanNoneNonewanquanbanNone HTTP/1.1" 301 0
[29/Dec/2017 11:38:32] "GET /authorNavItem/liucixin/1changpiankehuanxiaoshuo/03NonechaoxinxingjiyuanNoneNonewanquanbanNone/ HTTP/1.1" 200 679737
[29/Dec/2017 11:38:33] "GET /authorNavItem/liucixin/1changpiankehuanxiaoshuo/04NonemoguijimuNone HTTP/1.1" 301 0
[29/Dec/2017 11:38:33] "GET /authorNavItem/liucixin/1changpiankehuanxiaoshuo/04NonemoguijimuNone/ HTTP/1.1" 200 219456
[29/Dec/2017 11:38:34] "GET /authorNavItem/liucixin/1changpiankehuanxiaoshuo/05NoneqiuzhuangshandianNone HTTP/1.1" 301 0
[29/Dec/2017 11:38:34] "GET /authorNavItem/liucixin/1changpiankehuanxiaoshuo/05NoneqiuzhuangshandianNone/ HTTP/1.1" 200 584555
[29/Dec/2017 11:38:35] "GET /authorNavItem/liucixin/1changpiankehuanxiaoshuo/06NonesantiNone HTTP/1.1" 301 0
[29/Dec/2017 11:38:35] "GET /authorNavItem/liucixin/1changpiankehuanxiaoshuo/06NonesantiNone/ HTTP/1.1" 200 628648
[29/Dec/2017 11:38:40] "GET /static/res/bootstrap-4.0.0-beta.2/assets/js/vendor/popper.min.js HTTP/1.1" 304 0
[29/Dec/2017 11:38:40] "GET /static/res/bootstrap-4.0.0-beta.2/js/bootstrap.min.js HTTP/1.1" 304 0
[29/Dec/2017 11:38:40] "GET /static/res/bootstrap-4.0.0-beta.2/assets/js/vendor/holder.min.js HTTP/1.1" 304 0
[29/Dec/2017 11:38:47] "GET /authorNav/liucixin/zuozhejianjie/ HTTP/1.1" 200 8407
[29/Dec/2017 11:38:47] "GET /static/res/bootstrap-4.0.0-beta.2/css/bootstrap.css HTTP/1.1" 304 0
[29/Dec/2017 11:38:48] "GET /authorNav/liucixin/hejijianjie/ HTTP/1.1" 200 6690
[29/Dec/2017 11:38:58] "GET / HTTP/1.1" 200 6251
[29/Dec/2017 11:38:58] "GET /static/res/bootstrap-4.0.0-beta.2/ecss/carousel.css HTTP/1.1" 304 0
[29/Dec/2017 11:39:01] "GET /author/liucixin/ HTTP/1.1" 200 272960
[29/Dec/2017 11:39:04] "GET /authorNav/liucixin/hejijianjie/ HTTP/1.1" 200 6690
[29/Dec/2017 11:39:56] "GET / HTTP/1.1" 200 6251
[29/Dec/2017 11:39:56] "GET /static/res/bootstrap-4.0.0-beta.2/css/bootstrap.css HTTP/1.1" 200 159202
[29/Dec/2017 11:39:56] "GET /static/res/bootstrap-4.0.0-beta.2/ecss/carousel.css HTTP/1.1" 200 1658
[29/Dec/2017 11:39:56] "GET /static/res/bootstrap-4.0.0-beta.2/assets/js/vendor/popper.min.js HTTP/1.1" 200 19197
[29/Dec/2017 11:39:56] "GET /static/res/bootstrap-4.0.0-beta.2/js/bootstrap.min.js HTTP/1.1" 200 50564
[29/Dec/2017 11:39:58] "GET /static/res/bootstrap-4.0.0-beta.2/assets/js/vendor/holder.min.js HTTP/1.1" 200 32283
[29/Dec/2017 11:40:06] "GET /author/huanglaozhuang HTTP/1.1" 301 0
[29/Dec/2017 11:40:07] "GET /author/huanglaozhuang/ HTTP/1.1" 200 252068
[29/Dec/2017 11:40:07] "GET /static/res/bootstrap-4.0.0-beta.2/ecss/dashboard.css HTTP/1.1" 200 837
[29/Dec/2017 11:40:22] "GET / HTTP/1.1" 200 6251
[29/Dec/2017 11:40:26] "GET /author/liucixin HTTP/1.1" 301 0
[29/Dec/2017 11:40:26] "GET /author/liucixin/ HTTP/1.1" 200 272960
[29/Dec/2017 11:40:44] "GET /author/liucixin HTTP/1.1" 301 0
[29/Dec/2017 11:40:44] "GET /author/liucixin/ HTTP/1.1" 200 272960
Not Found: /apple-touch-icon-120x120-precomposed.png
[29/Dec/2017 11:40:57] "GET /apple-touch-icon-120x120-precomposed.png HTTP/1.1" 404 2515
Not Found: /apple-touch-icon-120x120.png
[29/Dec/2017 11:40:57] "GET /apple-touch-icon-120x120.png HTTP/1.1" 404 2479
Not Found: /apple-touch-icon.png
[29/Dec/2017 11:40:57] "GET /apple-touch-icon.png HTTP/1.1" 404 2455
Not Found: /apple-touch-icon.png
[29/Dec/2017 11:40:58] "GET /apple-touch-icon.png HTTP/1.1" 404 2455
[29/Dec/2017 11:41:13] "GET / HTTP/1.1" 200 6251
Not Found: /apple-touch-icon-120x120-precomposed.png
[29/Dec/2017 11:41:13] "GET /apple-touch-icon-120x120-precomposed.png HTTP/1.1" 404 2515
Not Found: /apple-touch-icon-120x120.png
[29/Dec/2017 11:41:13] "GET /apple-touch-icon-120x120.png HTTP/1.1" 404 2479
Not Found: /apple-touch-icon-precomposed.png
[29/Dec/2017 11:41:13] "GET /apple-touch-icon-precomposed.png HTTP/1.1" 404 2491
Not Found: /apple-touch-icon.png
[29/Dec/2017 11:41:13] "GET /apple-touch-icon.png HTTP/1.1" 404 2455
Not Found: /favicon.ico
[29/Dec/2017 11:41:13] "GET /favicon.ico HTTP/1.1" 404 2428
[29/Dec/2017 11:41:16] "GET /author/liucixin HTTP/1.1" 301 0
[29/Dec/2017 11:41:16] "GET /author/liucixin/ HTTP/1.1" 200 272960
[29/Dec/2017 11:41:52] "GET /author/liucixin HTTP/1.1" 301 0
[29/Dec/2017 11:41:52] "GET /author/liucixin/ HTTP/1.1" 200 272960
[29/Dec/2017 11:42:09] "GET /authorNav/liucixin/1changpiankehuanxiaoshuo/ HTTP/1.1" 200 272960
[29/Dec/2017 11:42:09] "GET /static/res/bootstrap-4.0.0-beta.2/ecss/dashboard.css HTTP/1.1" 304 0
[29/Dec/2017 11:42:10] "GET /authorNav/liucixin/2zhongduanpiankehuanxiaoshuo/ HTTP/1.1" 200 39290
[29/Dec/2017 11:42:10] "GET /authorNav/liucixin/3qitaxiaoshuo/ HTTP/1.1" 200 34999
[29/Dec/2017 11:42:20] "GET /authorNav/liucixin/1changpiankehuanxiaoshuo/ HTTP/1.1" 200 272960
[29/Dec/2017 11:42:20] "GET /static/res/bootstrap-4.0.0-beta.2/css/bootstrap.css HTTP/1.1" 200 159202
[29/Dec/2017 11:42:20] "GET /static/res/bootstrap-4.0.0-beta.2/ecss/dashboard.css HTTP/1.1" 200 837
[29/Dec/2017 11:42:23] "GET /static/res/bootstrap-4.0.0-beta.2/js/bootstrap.min.js HTTP/1.1" 200 50564
[29/Dec/2017 11:42:23] "GET /static/res/bootstrap-4.0.0-beta.2/assets/js/vendor/holder.min.js HTTP/1.1" 200 32283
[29/Dec/2017 11:42:23] "GET /static/res/bootstrap-4.0.0-beta.2/assets/js/vendor/popper.min.js HTTP/1.1" 200 19197
[29/Dec/2017 11:42:31] "GET /static/res/bootstrap-4.0.0-beta.2/css/bootstrap.css.map HTTP/1.1" 304 0
[29/Dec/2017 11:43:53] "GET / HTTP/1.1" 200 6251
[29/Dec/2017 11:43:58] "GET /author/huanglaozhuang/ HTTP/1.1" 200 252068
[29/Dec/2017 11:44:00] "GET /authorNav/huanglaozhuang/laozi/ HTTP/1.1" 200 27307
[29/Dec/2017 11:44:01] "GET /authorNav/huanglaozhuang/huangdineijing/ HTTP/1.1" 200 203783
Not Found: /warning
[29/Dec/2017 11:51:12] "GET /warning HTTP/1.1" 404 2416
[29/Dec/2017 11:52:28] "GET /?nsukey=JjAMzjFIjX4IPXIqQp6HOgAN4KzPkR6X%2BNs7K8GXSo2MN53UBEReQ88hg1BKSl9IJuMi3wnMAJXqsRqKzDSY6eSEIdHl%2BaYeh7FUhrhkwUlGLLX2tMRzUlO3kuD%2Fblzx2J3bWAE8FEi3oPFw6b6pwazThCnppORNNbcdVpwed2H2IgUdYzc6%2FiLS1PkhkX4sDJcXC%2Bb28Dl8OYB5Hb5G6g%3D%3D HTTP/1.1" 200 6251
[29/Dec/2017 11:52:28] "GET /?nsukey=JjAMzjFIjX4IPXIqQp6HOgAN4KzPkR6X%2BNs7K8GXSo2MN53UBEReQ88hg1BKSl9IJuMi3wnMAJXqsRqKzDSY6eSEIdHl%2BaYeh7FUhrhkwUlGLLX2tMRzUlO3kuD%2Fblzx2J3bWAE8FEi3oPFw6b6pwazThCnppORNNbcdVpwed2H2IgUdYzc6%2FiLS1PkhkX4sDJcXC%2Bb28Dl8OYB5Hb5G6g%3D%3D HTTP/1.1" 200 6251
[29/Dec/2017 11:52:28] "GET /static/res/bootstrap-4.0.0-beta.2/css/bootstrap.css HTTP/1.1" 200 159202
[29/Dec/2017 11:52:28] "GET /static/res/bootstrap-4.0.0-beta.2/ecss/carousel.css HTTP/1.1" 200 1658
[29/Dec/2017 11:52:28] "GET /static/res/bootstrap-4.0.0-beta.2/assets/js/vendor/holder.min.js HTTP/1.1" 200 32283
[29/Dec/2017 11:52:28] "GET /static/res/bootstrap-4.0.0-beta.2/assets/js/vendor/popper.min.js HTTP/1.1" 200 19197
[29/Dec/2017 11:52:28] "GET /static/res/bootstrap-4.0.0-beta.2/js/bootstrap.min.js HTTP/1.1" 200 50564
[29/Dec/2017 11:52:34] "GET /?nsukey=JjAMzjFIjX4IPXIqQp6HOgAN4KzPkR6X%2BNs7K8GXSo2MN53UBEReQ88hg1BKSl9IJuMi3wnMAJXqsRqKzDSY6eSEIdHl%2BaYeh7FUhrhkwUlGLLX2tMRzUlO3kuD%2Fblzx2J3bWAE8FEi3oPFw6b6pwazThCnppORNNbcdVpwed2H2IgUdYzc6%2FiLS1PkhkX4sDJcXC%2Bb28Dl8OYB5Hb5G6g%3D%3D HTTP/1.1" 200 6251
[29/Dec/2017 11:52:34] "GET /static/res/bootstrap-4.0.0-beta.2/css/bootstrap.css HTTP/1.1" 200 159202
[29/Dec/2017 11:52:34] "GET /static/res/bootstrap-4.0.0-beta.2/ecss/carousel.css HTTP/1.1" 200 1658
[29/Dec/2017 11:52:34] "GET /static/res/bootstrap-4.0.0-beta.2/assets/js/vendor/popper.min.js HTTP/1.1" 200 19197
[29/Dec/2017 11:52:34] "GET /static/res/bootstrap-4.0.0-beta.2/js/bootstrap.min.js HTTP/1.1" 200 50564
[29/Dec/2017 11:52:35] "GET /static/res/bootstrap-4.0.0-beta.2/assets/js/vendor/holder.min.js HTTP/1.1" 200 32283
[29/Dec/2017 11:52:50] "GET /author/liucixin HTTP/1.1" 301 0
[29/Dec/2017 11:52:50] "GET /author/liucixin/ HTTP/1.1" 200 272960
[29/Dec/2017 11:52:50] "GET /static/res/bootstrap-4.0.0-beta.2/ecss/dashboard.css HTTP/1.1" 200 837
[29/Dec/2017 11:52:53] "GET /author/liucixin?nsukey=PXo0dcYb85h9KQuAbPz%2BmEM4iFMBawhSjOY1EYHd%2FjsSZ0Nm60BU9r6wMnm7dEUtOpyw8xXYXq1inqYDYewY8I0uINQUpKff2UE2btzYJMHANC0TSzLE8W7V5%2Blu4bXQLAo52kFXbMoxqc4UeZcz6g%3D%3D HTTP/1.1" 301 0
[29/Dec/2017 11:52:53] "GET /author/liucixin/?nsukey=PXo0dcYb85h9KQuAbPz%2BmEM4iFMBawhSjOY1EYHd%2FjsSZ0Nm60BU9r6wMnm7dEUtOpyw8xXYXq1inqYDYewY8I0uINQUpKff2UE2btzYJMHANC0TSzLE8W7V5%2Blu4bXQLAo52kFXbMoxqc4UeZcz6g%3D%3D HTTP/1.1" 200 272960
[29/Dec/2017 11:52:53] "GET /static/res/bootstrap-4.0.0-beta.2/ecss/dashboard.css HTTP/1.1" 200 837
Not Found: /pleasereadthis
[29/Dec/2017 11:53:01] "GET /pleasereadthis HTTP/1.1" 404 2437
[29/Dec/2017 11:53:50] "GET /author/liucixin HTTP/1.1" 301 0
[29/Dec/2017 11:53:50] "GET /author/liucixin/ HTTP/1.1" 200 272960
[29/Dec/2017 11:53:52] "GET /author/liucixin?nsukey=PXo0dcYb85h9KQuAbPz%2BmEM4iFMBawhSjOY1EYHd%2FjsSZ0Nm60BU9r6wMnm7dEUtOpyw8xXYXq1inqYDYewY8I0uINQUpKff2UE2btzYJMHANC0TSzLE8W7V5%2Blu4bXQLAo52kFXbMoxqc4UeZcz6g%3D%3D HTTP/1.1" 301 0
[29/Dec/2017 11:53:52] "GET /author/liucixin/?nsukey=PXo0dcYb85h9KQuAbPz%2BmEM4iFMBawhSjOY1EYHd%2FjsSZ0Nm60BU9r6wMnm7dEUtOpyw8xXYXq1inqYDYewY8I0uINQUpKff2UE2btzYJMHANC0TSzLE8W7V5%2Blu4bXQLAo52kFXbMoxqc4UeZcz6g%3D%3D HTTP/1.1" 200 272960
[29/Dec/2017 11:58:00] "GET / HTTP/1.1" 200 6251
[29/Dec/2017 11:58:00] "GET /?nsukey=jr95rHLFDOIQ9DoYbdvJz%2FeAh3Av8PodaT8HBuJASPyGHdcg9Y7xoNKCyID4tsyD57Ic8dX0aVH%2FS7JYY9dMOUuEx%2BAcjcglVXlI8BMEPuAW427HfZt473RN%2BJxzawb4YKMFbz9SXdFih9u0o94AYBRvmow%2BzQjK7hQgfm6p9DeNno%2FuRqviDLDsLPDEbnLBCJcoAmg8vNZMFWP8LAYiNQ%3D%3D HTTP/1.1" 200 6251
[29/Dec/2017 11:58:00] "GET /?nsukey=jr95rHLFDOIQ9DoYbdvJz%2FeAh3Av8PodaT8HBuJASPyGHdcg9Y7xoNKCyID4tsyD57Ic8dX0aVH%2FS7JYY9dMOUuEx%2BAcjcglVXlI8BMEPuAW427HfZt473RN%2BJxzawb4YKMFbz9SXdFih9u0o94AYBRvmow%2BzQjK7hQgfm6p9DeNno%2FuRqviDLDsLPDEbnLBCJcoAmg8vNZMFWP8LAYiNQ%3D%3D HTTP/1.1" 200 6251
[29/Dec/2017 11:58:01] "GET /?nsukey=jr95rHLFDOIQ9DoYbdvJz%2FeAh3Av8PodaT8HBuJASPyGHdcg9Y7xoNKCyID4tsyD57Ic8dX0aVH%2FS7JYY9dMOUuEx%2BAcjcglVXlI8BMEPuAW427HfZt473RN%2BJxzawb4YKMFbz9SXdFih9u0o94AYBRvmow%2BzQjK7hQgfm6p9DeNno%2FuRqviDLDsLPDEbnLBCJcoAmg8vNZMFWP8LAYiNQ%3D%3D HTTP/1.1" 200 6251
[29/Dec/2017 11:58:01] "GET /static/res/bootstrap-4.0.0-beta.2/css/bootstrap.css HTTP/1.1" 200 159202
[29/Dec/2017 11:58:01] "GET /static/res/bootstrap-4.0.0-beta.2/ecss/carousel.css HTTP/1.1" 200 1658
[29/Dec/2017 11:58:01] "GET /static/res/bootstrap-4.0.0-beta.2/assets/js/vendor/popper.min.js HTTP/1.1" 200 19197
[29/Dec/2017 11:58:01] "GET /static/res/bootstrap-4.0.0-beta.2/js/bootstrap.min.js HTTP/1.1" 200 50564
[29/Dec/2017 11:58:03] "GET /static/res/bootstrap-4.0.0-beta.2/assets/js/vendor/holder.min.js HTTP/1.1" 200 32283
[29/Dec/2017 11:58:11] "GET /author/huanglaozhuang HTTP/1.1" 301 0
[29/Dec/2017 11:58:11] "GET /author/huanglaozhuang/ HTTP/1.1" 200 252068
[29/Dec/2017 11:58:14] "GET /author/huanglaozhuang/?nsukey=JkN%2FEuaDV5uuMJBb3XG1PTQs3%2BovS0ZH4rBCHjT3vck0Ccgah0Nf3NXqg4nl%2FbzMzbRaK1sFSCAtP3FcxEwB2PGd31VcksE0oDe3%2FAfFTvWJ8nB9y7lqBuRt%2F1GSuN0NwWxQ5H55csftffjSxijIznUvOe8xKeN1DIFe7WXDcvHdfamdyJjNwKoAWEq8TU281ETZGvu9%2FYBPPz6vWe%2BIvQ%3D%3D HTTP/1.1" 200 252068
[29/Dec/2017 11:58:14] "GET /author/huanglaozhuang/?nsukey=JkN%2FEuaDV5uuMJBb3XG1PTQs3%2BovS0ZH4rBCHjT3vck0Ccgah0Nf3NXqg4nl%2FbzMzbRaK1sFSCAtP3FcxEwB2PGd31VcksE0oDe3%2FAfFTvWJ8nB9y7lqBuRt%2F1GSuN0NwWxQ5H55csftffjSxijIznUvOe8xKeN1DIFe7WXDcvHdfamdyJjNwKoAWEq8TU281ETZGvu9%2FYBPPz6vWe%2BIvQ%3D%3D HTTP/1.1" 200 252068
[29/Dec/2017 11:58:14] "GET /static/res/bootstrap-4.0.0-beta.2/ecss/dashboard.css HTTP/1.1" 200 837
[29/Dec/2017 11:58:17] "GET /author/huanglaozhuang/?nsukey=JkN%2FEuaDV5uuMJBb3XG1PTQs3%2BovS0ZH4rBCHjT3vck0Ccgah0Nf3NXqg4nl%2FbzMzbRaK1sFSCAtP3FcxEwB2PGd31VcksE0oDe3%2FAfFTvWJ8nB9y7lqBuRt%2F1GSuN0NwWxQ5H55csftffjSxijIznUvOe8xKeN1DIFe7WXDcvHdfamdyJjNwKoAWEq8TU281ETZGvu9%2FYBPPz6vWe%2BIvQ%3D%3D HTTP/1.1" 200 252068
[29/Dec/2017 11:58:18] "GET /static/res/bootstrap-4.0.0-beta.2/ecss/dashboard.css HTTP/1.1" 200 837
[29/Dec/2017 11:58:18] "GET /static/res/bootstrap-4.0.0-beta.2/css/bootstrap.css HTTP/1.1" 200 159202
[29/Dec/2017 11:58:18] "GET /static/res/bootstrap-4.0.0-beta.2/js/bootstrap.min.js HTTP/1.1" 200 50564
[29/Dec/2017 11:58:18] "GET /static/res/bootstrap-4.0.0-beta.2/assets/js/vendor/popper.min.js HTTP/1.1" 200 19197
[29/Dec/2017 11:58:18] "GET /static/res/bootstrap-4.0.0-beta.2/assets/js/vendor/holder.min.js HTTP/1.1" 200 32283
[29/Dec/2017 11:59:11] "GET /author/huanglaozhuang HTTP/1.1" 301 0
[29/Dec/2017 11:59:11] "GET /author/huanglaozhuang/ HTTP/1.1" 200 252068
[29/Dec/2017 11:59:12] "GET /author/liucixin/ HTTP/1.1" 200 272960
[29/Dec/2017 11:59:12] "GET /static/res/bootstrap-4.0.0-beta.2/css/bootstrap.css HTTP/1.1" 200 159202
[29/Dec/2017 11:59:12] "GET /static/res/bootstrap-4.0.0-beta.2/ecss/dashboard.css HTTP/1.1" 200 837
[29/Dec/2017 11:59:16] "GET /static/res/bootstrap-4.0.0-beta.2/assets/js/vendor/holder.min.js HTTP/1.1" 200 32283
[29/Dec/2017 11:59:16] "GET /static/res/bootstrap-4.0.0-beta.2/js/bootstrap.min.js HTTP/1.1" 200 50564
[29/Dec/2017 11:59:16] "GET /static/res/bootstrap-4.0.0-beta.2/assets/js/vendor/popper.min.js HTTP/1.1" 200 19197
Not Found: /please_read/_search
[29/Dec/2017 12:10:47] "GET /please_read/_search HTTP/1.1" 404 2452
[29/Dec/2017 12:14:44] "GET /authorNav/liucixin/1changpiankehuanxiaoshuo/ HTTP/1.1" 200 272960
[29/Dec/2017 12:14:44] "GET /static/res/bootstrap-4.0.0-beta.2/css/bootstrap.css HTTP/1.1" 200 159202
[29/Dec/2017 12:14:44] "GET /static/res/bootstrap-4.0.0-beta.2/ecss/dashboard.css HTTP/1.1" 200 837
[29/Dec/2017 12:14:46] "GET /static/res/bootstrap-4.0.0-beta.2/js/bootstrap.min.js HTTP/1.1" 200 50564
[29/Dec/2017 12:14:46] "GET /static/res/bootstrap-4.0.0-beta.2/assets/js/vendor/popper.min.js HTTP/1.1" 200 19197
[29/Dec/2017 12:14:46] "GET /static/res/bootstrap-4.0.0-beta.2/assets/js/vendor/holder.min.js HTTP/1.1" 200 32283
Not Found: /dfshealth.jsp
[29/Dec/2017 12:15:03] "GET /dfshealth.jsp HTTP/1.1" 404 2434
Not Found: /hadoop/dfshealth.jsp
[29/Dec/2017 12:15:43] "GET /hadoop/dfshealth.jsp HTTP/1.1" 404 2455
[29/Dec/2017 12:30:01] "GET /author/liucixin/ HTTP/1.1" 200 272960
[29/Dec/2017 12:30:01] "GET /static/res/bootstrap-4.0.0-beta.2/ecss/dashboard.css HTTP/1.1" 200 837
[29/Dec/2017 12:30:01] "GET /static/res/bootstrap-4.0.0-beta.2/css/bootstrap.css HTTP/1.1" 200 159202
[29/Dec/2017 12:30:03] "GET /static/res/bootstrap-4.0.0-beta.2/assets/js/vendor/holder.min.js HTTP/1.1" 200 32283
[29/Dec/2017 12:30:03] "GET /static/res/bootstrap-4.0.0-beta.2/js/bootstrap.min.js HTTP/1.1" 200 50564
[29/Dec/2017 12:30:03] "GET /static/res/bootstrap-4.0.0-beta.2/assets/js/vendor/popper.min.js HTTP/1.1" 200 19197
[29/Dec/2017 12:31:46] "GET / HTTP/1.1" 200 6251
Not Found: /phpmyadmin/
[29/Dec/2017 12:31:48] "GET /phpmyadmin/ HTTP/1.1" 404 2428
Not Found: /phpmyadmin/
[29/Dec/2017 12:31:48] "POST /phpmyadmin/ HTTP/1.1" 404 2429
Not Found: /phpmyadmin/
[29/Dec/2017 12:31:48] "GET /phpmyadmin/ HTTP/1.1" 404 2428
Not Found: /phpmyadmin/
[29/Dec/2017 12:31:48] "POST /phpmyadmin/ HTTP/1.1" 404 2429
Not Found: /phpmyadmin/
[29/Dec/2017 12:31:48] "GET /phpmyadmin/ HTTP/1.1" 404 2428
Not Found: /phpmyadmin/
[29/Dec/2017 12:31:48] "POST /phpmyadmin/ HTTP/1.1" 404 2429
Not Found: /phpmyadmin/
[29/Dec/2017 12:31:49] "GET /phpmyadmin/ HTTP/1.1" 404 2428
Not Found: /phpmyadmin/
[29/Dec/2017 12:31:49] "POST /phpmyadmin/ HTTP/1.1" 404 2429
Not Found: /phpmyadmin/
[29/Dec/2017 12:31:49] "GET /phpmyadmin/ HTTP/1.1" 404 2428
Not Found: /phpmyadmin/
[29/Dec/2017 12:31:49] "POST /phpmyadmin/ HTTP/1.1" 404 2429
Not Found: /phpmyadmin/
[29/Dec/2017 12:31:49] "GET /phpmyadmin/ HTTP/1.1" 404 2428
Not Found: /phpmyadmin/
[29/Dec/2017 12:31:49] "POST /phpmyadmin/ HTTP/1.1" 404 2429
Not Found: /phpmyadmin/
[29/Dec/2017 12:31:49] "GET /phpmyadmin/ HTTP/1.1" 404 2428
Not Found: /phpmyadmin/
[29/Dec/2017 12:31:49] "POST /phpmyadmin/ HTTP/1.1" 404 2429
Not Found: /phpmyadmin/
[29/Dec/2017 12:31:49] "GET /phpmyadmin/ HTTP/1.1" 404 2428
Not Found: /phpmyadmin/
[29/Dec/2017 12:31:49] "POST /phpmyadmin/ HTTP/1.1" 404 2429
Not Found: /phpmyadmin/
[29/Dec/2017 12:31:49] "GET /phpmyadmin/ HTTP/1.1" 404 2428
Not Found: /phpmyadmin/
[29/Dec/2017 12:31:49] "POST /phpmyadmin/ HTTP/1.1" 404 2429
Not Found: /phpmyadmin/
[29/Dec/2017 12:31:49] "GET /phpmyadmin/ HTTP/1.1" 404 2428
Not Found: /phpmyadmin/
[29/Dec/2017 12:31:49] "POST /phpmyadmin/ HTTP/1.1" 404 2429
Not Found: /rs-status
[29/Dec/2017 12:31:52] "GET /rs-status HTTP/1.1" 404 2422
Not Found: /ganglia/index.php
[29/Dec/2017 12:31:53] "GET /ganglia/index.php HTTP/1.1" 404 2446
Not Found: /index.php
[29/Dec/2017 12:31:54] "GET /index.php HTTP/1.1" 404 2422
Not Found: /jobs/
[29/Dec/2017 12:31:59] "GET /jobs/ HTTP/1.1" 404 2410
[29/Dec/2017 12:32:08] "GET / HTTP/1.1" 200 6251
[29/Dec/2017 12:32:15] "GET / HTTP/1.1" 200 6251
[29/Dec/2017 12:32:16] "GET / HTTP/1.1" 200 6251
Not Found: /scmblkxptqvg
[29/Dec/2017 12:32:19] "POST /scmblkxptqvg HTTP/1.1" 404 2432
Not Found: /scmblkxptqvg
[29/Dec/2017 12:32:19] "GET /scmblkxptqvg HTTP/1.1" 404 2431
Not Found: /scmblkxptqvg
[29/Dec/2017 12:32:19] "DELETE /scmblkxptqvg HTTP/1.1" 404 2434
Not Found: /hwi/
[29/Dec/2017 12:32:20] "GET /hwi/ HTTP/1.1" 404 2407
[29/Dec/2017 12:32:29] "GET / HTTP/1.1" 200 6251
Not Found: /master-status
[29/Dec/2017 12:32:37] "GET /master-status HTTP/1.1" 404 2434
Not Found: /dfshealth.html
[29/Dec/2017 12:32:37] "GET /dfshealth.html HTTP/1.1" 404 2437
Not Found: /http://47.94.228.162:8080
[29/Dec/2017 12:32:41] "GET /http://47.94.228.162:8080 HTTP/1.1" 404 2470
Not Found: /http://47.94.228.162:8081
[29/Dec/2017 12:32:42] "GET /http://47.94.228.162:8081 HTTP/1.1" 404 2470
Not Found: /http://47.94.228.162:8090
[29/Dec/2017 12:32:42] "GET /http://47.94.228.162:8090 HTTP/1.1" 404 2470
Not Found: /clusters.jsf
[29/Dec/2017 12:32:46] "GET /clusters.jsf HTTP/1.1" 404 2431
Not Found: /about/
[29/Dec/2017 12:32:49] "GET /about/ HTTP/1.1" 404 2413
[29/Dec/2017 12:32:53] "GET / HTTP/1.1" 200 6251
Not Found: /jenkins/
[29/Dec/2017 12:32:57] "GET /jenkins/ HTTP/1.1" 404 2419
Not Found: /zabbix/
[29/Dec/2017 12:32:58] "GET /zabbix/ HTTP/1.1" 404 2416
[29/Dec/2017 12:32:58] "GET / HTTP/1.1" 200 6251
Not Found: /solr/
[29/Dec/2017 12:32:59] "GET /solr/ HTTP/1.1" 404 2410
[29/Dec/2017 12:32:59] "GET / HTTP/1.1" 200 6251
Not Found: /info
[29/Dec/2017 12:33:03] "GET /info HTTP/1.1" 404 2407
[29/Dec/2017 12:45:25] "GET /authorNav/liucixin/1changpiankehuanxiaoshuo/ HTTP/1.1" 200 272960
[29/Dec/2017 12:45:25] "GET /static/res/bootstrap-4.0.0-beta.2/ecss/dashboard.css HTTP/1.1" 200 837
[29/Dec/2017 12:45:25] "GET /static/res/bootstrap-4.0.0-beta.2/css/bootstrap.css HTTP/1.1" 200 159202
[29/Dec/2017 12:45:27] "GET /static/res/bootstrap-4.0.0-beta.2/assets/js/vendor/popper.min.js HTTP/1.1" 200 19197
[29/Dec/2017 12:45:27] "GET /static/res/bootstrap-4.0.0-beta.2/js/bootstrap.min.js HTTP/1.1" 200 50564
[29/Dec/2017 12:45:27] "GET /static/res/bootstrap-4.0.0-beta.2/assets/js/vendor/holder.min.js HTTP/1.1" 200 32283
[29/Dec/2017 12:47:05] "GET / HTTP/1.1" 200 6251
[29/Dec/2017 12:47:06] "GET /static/res/bootstrap-4.0.0-beta.2/css/bootstrap.css HTTP/1.1" 200 159202
[29/Dec/2017 12:47:06] "GET /static/res/bootstrap-4.0.0-beta.2/ecss/carousel.css HTTP/1.1" 200 1658
[29/Dec/2017 12:47:06] "GET /static/res/bootstrap-4.0.0-beta.2/assets/js/vendor/popper.min.js HTTP/1.1" 200 19197
[29/Dec/2017 12:47:07] "GET /static/res/bootstrap-4.0.0-beta.2/js/bootstrap.min.js HTTP/1.1" 200 50564
[29/Dec/2017 12:47:08] "GET /static/res/bootstrap-4.0.0-beta.2/assets/js/vendor/holder.min.js HTTP/1.1" 200 32283
Not Found: /apple-touch-icon-152x152-precomposed.png
[29/Dec/2017 12:47:19] "GET /apple-touch-icon-152x152-precomposed.png HTTP/1.1" 404 2515
Not Found: /apple-touch-icon-152x152.png
[29/Dec/2017 12:47:19] "GET /apple-touch-icon-152x152.png HTTP/1.1" 404 2479
Not Found: /apple-touch-icon-precomposed.png
[29/Dec/2017 12:47:19] "GET /apple-touch-icon-precomposed.png HTTP/1.1" 404 2491
Not Found: /apple-touch-icon.png
[29/Dec/2017 12:47:19] "GET /apple-touch-icon.png HTTP/1.1" 404 2455
Not Found: /favicon.ico
[29/Dec/2017 12:47:19] "GET /favicon.ico HTTP/1.1" 404 2428
[29/Dec/2017 12:47:19] "GET /author/huanglaozhuang HTTP/1.1" 301 0
[29/Dec/2017 12:47:19] "GET /author/huanglaozhuang/ HTTP/1.1" 200 252068
[29/Dec/2017 12:47:20] "GET /static/res/bootstrap-4.0.0-beta.2/ecss/dashboard.css HTTP/1.1" 200 837
[29/Dec/2017 12:47:28] "GET /authorNav/huanglaozhuang/huangdineijing HTTP/1.1" 301 0
[29/Dec/2017 12:47:29] "GET /authorNav/huanglaozhuang/huangdineijing/ HTTP/1.1" 200 203783
[29/Dec/2017 12:47:42] "GET /authorNav/huanglaozhuang/laozi HTTP/1.1" 301 0
[29/Dec/2017 12:47:42] "GET /authorNav/huanglaozhuang/laozi/ HTTP/1.1" 200 27307
[29/Dec/2017 12:48:44] "GET / HTTP/1.1" 200 6251
[29/Dec/2017 12:48:45] "GET /author/liucixin HTTP/1.1" 301 0
[29/Dec/2017 12:48:46] "GET /author/liucixin/ HTTP/1.1" 200 272960
[29/Dec/2017 12:48:52] "GET /authorNavItem/liucixin/1changpiankehuanxiaoshuo/02NonechaoxinxingjiyuanNoneNoneshitishubanNone HTTP/1.1" 301 0
[29/Dec/2017 12:48:52] "GET /authorNavItem/liucixin/1changpiankehuanxiaoshuo/02NonechaoxinxingjiyuanNoneNoneshitishubanNone/ HTTP/1.1" 200 643094
[29/Dec/2017 12:49:16] "GET /authorNavItem/liucixin/1changpiankehuanxiaoshuo/06NonesantiNone HTTP/1.1" 301 0
[29/Dec/2017 12:49:16] "GET /authorNavItem/liucixin/1changpiankehuanxiaoshuo/06NonesantiNone/ HTTP/1.1" 200 628648
[29/Dec/2017 12:49:53] "GET /authorNavItem/liucixin/1changpiankehuanxiaoshuo/08NonesantiNonesishenyongshengNone HTTP/1.1" 301 0
[29/Dec/2017 12:49:53] "GET /authorNavItem/liucixin/1changpiankehuanxiaoshuo/08NonesantiNonesishenyongshengNone/ HTTP/1.1" 200 1200380
[29/Dec/2017 12:50:22] "GET /authorNav/liucixin/2zhongduanpiankehuanxiaoshuo HTTP/1.1" 301 0
[29/Dec/2017 12:50:22] "GET /authorNav/liucixin/2zhongduanpiankehuanxiaoshuo/ HTTP/1.1" 200 39290
[29/Dec/2017 12:50:26] "GET /authorNavItem/liucixin/2zhongduanpiankehuanxiaoshuo/07NonexiangcunjiaoshiNone HTTP/1.1" 301 0
[29/Dec/2017 12:50:26] "GET /authorNavItem/liucixin/2zhongduanpiankehuanxiaoshuo/07NonexiangcunjiaoshiNone/ HTTP/1.1" 200 86297
[29/Dec/2017 12:55:44] "GET /authorNav/liucixin/1changpiankehuanxiaoshuo HTTP/1.1" 301 0
[29/Dec/2017 12:55:44] "GET /authorNav/liucixin/1changpiankehuanxiaoshuo/ HTTP/1.1" 200 272960
[29/Dec/2017 12:55:49] "GET /authorNavItem/liucixin/1changpiankehuanxiaoshuo/08NonesantiNonesishenyongshengNone/ HTTP/1.1" 200 1200380
Not Found: /echo.php
[29/Dec/2017 12:56:39] "GET /echo.php?info=1234567890 HTTP/1.1" 404 2440
[29/Dec/2017 12:56:46] "GET /authorNavItem/liucixin/1changpiankehuanxiaoshuo/08NonesantiNonesishenyongshengNone/ HTTP/1.1" 200 1200380
[29/Dec/2017 13:54:31] "GET /author/liucixin/ HTTP/1.1" 200 272960
[29/Dec/2017 13:54:31] "GET /static/res/bootstrap-4.0.0-beta.2/ecss/dashboard.css HTTP/1.1" 200 837
[29/Dec/2017 13:54:31] "GET /static/res/bootstrap-4.0.0-beta.2/css/bootstrap.css HTTP/1.1" 200 159202
[29/Dec/2017 13:54:32] "GET /static/res/bootstrap-4.0.0-beta.2/js/bootstrap.min.js HTTP/1.1" 200 50564
[29/Dec/2017 13:54:32] "GET /static/res/bootstrap-4.0.0-beta.2/assets/js/vendor/popper.min.js HTTP/1.1" 200 19197
[29/Dec/2017 13:54:32] "GET /static/res/bootstrap-4.0.0-beta.2/assets/js/vendor/holder.min.js HTTP/1.1" 200 32283
Not Found: /wls-wsat/CoordinatorPortType11
[29/Dec/2017 13:59:31] "GET /wls-wsat/CoordinatorPortType11 HTTP/1.1" 404 2485
[29/Dec/2017 14:04:19] "GET / HTTP/1.1" 200 6251
[29/Dec/2017 14:04:19] "GET /static/res/bootstrap-4.0.0-beta.2/css/bootstrap.css HTTP/1.1" 200 159202
[29/Dec/2017 14:04:20] "GET /static/res/bootstrap-4.0.0-beta.2/ecss/carousel.css HTTP/1.1" 200 1658
[29/Dec/2017 14:04:20] "GET /static/res/bootstrap-4.0.0-beta.2/assets/js/vendor/popper.min.js HTTP/1.1" 200 19197
[29/Dec/2017 14:04:20] "GET /static/res/bootstrap-4.0.0-beta.2/js/bootstrap.min.js HTTP/1.1" 200 50564
[29/Dec/2017 14:04:23] "GET /static/res/bootstrap-4.0.0-beta.2/assets/js/vendor/holder.min.js HTTP/1.1" 200 32283
[29/Dec/2017 14:04:38] "GET / HTTP/1.1" 200 6251
Not Found: /bins.sh
[29/Dec/2017 14:46:49] "GET /bins.sh HTTP/1.1" 404 2416
